
> web@0.1.0 build
> next build

▲ Next.js 16.1.6 (Turbopack)
- Environments: .env.local

  Creating an optimized production build ...
✓ Compiled successfully in 1250.1ms
  Running TypeScript ...
  Collecting page data using 7 workers ...
  Generating static pages using 7 workers (0/13) ...
  Generating static pages using 7 workers (3/13) 
  Generating static pages using 7 workers (6/13) 
  Generating static pages using 7 workers (9/13) 
✓ Generating static pages using 7 workers (13/13) in 136.0ms
  Finalizing page optimization ...

Route (app)
┌ ○ /
├ ○ /_not-found
├ ○ /auth/login
├ ○ /auth/register
├ ○ /dashboard
├ ○ /dashboard/audit
├ ○ /dashboard/clients
├ ○ /dashboard/gst-accounts
├ ○ /dashboard/notices
├ ○ /dashboard/reconciliation
└ ○ /dashboard/tasks


○  (Static)  prerendered as static content

